2026-01-30 13:36:00:360 [32minfo[39m: [32mServer listening on http://127.0.0.1:4000[39m
2026-01-30 13:36:25:3625 [37mdebug[39m: [37m[HTTP] Health check[39m {"duration":"1ms"}
2026-01-30 13:39:06:396 [32minfo[39m: [32mServer listening on http://127.0.0.1:4000[39m
2026-01-30 13:39:06:396 [32minfo[39m: [32mHealth check available at http://127.0.0.1:4000/health[39m
2026-01-30 13:39:06:396 [32minfo[39m: [32mRPC endpoints available at http://127.0.0.1:4000/rpc/*[39m
2026-01-30 13:39:08:398 [35mhttp[39m: [35m[HTTP] POST /rpc/startAssessment[39m {"method":"POST","path":"/rpc/startAssessment","userAgent":"curl/8.7.1"}
2026-01-30 13:39:08:398 [32minfo[39m: [32mAssessment session started (placeholder)[39m {"sessionId":"session_1769776748973_b1k0kx","userId":"test-user-123"}
2026-01-30 13:39:08:398 [37mdebug[39m: [37m[RPC] startAssessment completed[39m {"procedure":"startAssessment","duration":"7ms"}
2026-01-30 13:39:08:398 [35mhttp[39m: [35m[HTTP] POST /rpc/sendMessage[39m {"method":"POST","path":"/rpc/sendMessage","userAgent":"curl/8.7.1"}
2026-01-30 13:39:08:398 [31merror[39m: [31m[RPC] Error in sendMessage[39m {"procedure":"sendMessage","error":"Bad escaped character in JSON at position 45 (line 1 column 46)","duration":"0ms"}
2026-01-30 13:41:34:4134 [32minfo[39m: [32mServer listening on http://127.0.0.1:4000[39m
2026-01-30 13:41:34:4134 [32minfo[39m: [32mHealth check available at http://127.0.0.1:4000/health[39m
2026-01-30 13:41:34:4134 [32minfo[39m: [32mRPC endpoints available at http://127.0.0.1:4000/rpc/*[39m
2026-01-30 13:46:39:4639 [32minfo[39m: [32mServer listening on http://127.0.0.1:4000[39m
2026-01-30 13:46:39:4639 [32minfo[39m: [32mHealth check available at http://127.0.0.1:4000/health[39m
2026-01-30 13:46:39:4639 [32minfo[39m: [32mRPC endpoints available at http://127.0.0.1:4000/rpc/*[39m
2026-01-30 13:46:58:4658 [37mdebug[39m: [37m[HTTP] Health check[39m {"duration":"1ms"}
2026-01-30 13:46:58:4658 [35mhttp[39m: [35m[HTTP] POST /rpc/startAssessment[39m {"method":"POST","path":"/rpc/startAssessment","userAgent":"curl/8.7.1"}
2026-01-30 13:46:58:4658 [32minfo[39m: [32mAssessment session started (placeholder)[39m {"sessionId":"session_1769777218149_my4mvk","userId":"test"}
2026-01-30 13:46:58:4658 [37mdebug[39m: [37m[RPC] startAssessment completed[39m {"procedure":"startAssessment","duration":"3ms"}
2026-01-30 13:46:58:4658 [35mhttp[39m: [35m[HTTP] POST /rpc/unknownProcedure[39m {"method":"POST","path":"/rpc/unknownProcedure","userAgent":"curl/8.7.1"}
2026-01-30 13:46:58:4658 [33mwarn[39m: [33m[RPC] Procedure not found: unknownProcedure[39m
2026-01-30 13:50:02:502 [32minfo[39m: [32mServer listening on http://127.0.0.1:4000[39m
2026-01-30 13:50:02:502 [32minfo[39m: [32mHealth check available at http://127.0.0.1:4000/health[39m
2026-01-30 13:50:02:502 [32minfo[39m: [32mRPC endpoints available at http://127.0.0.1:4000/rpc/*[39m
2026-01-30 13:50:11:5011 [37mdebug[39m: [37m[HTTP] Health check[39m {"duration":"1ms"}
2026-01-30 13:50:11:5011 [35mhttp[39m: [35m[HTTP] POST /rpc/startAssessment[39m {"method":"POST","path":"/rpc/startAssessment","userAgent":"curl/8.7.1"}
2026-01-30 13:50:11:5011 [32minfo[39m: [32mAssessment session started (placeholder)[39m {"sessionId":"session_1769777411104_r894e8","userId":"test"}
2026-01-30 13:50:11:5011 [37mdebug[39m: [37m[RPC] startAssessment completed[39m {"procedure":"startAssessment","duration":"3ms"}
2026-01-30 13:53:11:5311 [32minfo[39m: [32mServer listening on http://127.0.0.1:4000[39m
2026-01-30 13:53:11:5311 [32minfo[39m: [32mHealth check available at http://127.0.0.1:4000/health[39m
2026-01-30 13:53:11:5311 [32minfo[39m: [32mRPC endpoints available at http://127.0.0.1:4000/rpc/*[39m
2026-01-30 13:53:14:5314 [37mdebug[39m: [37m[HTTP] Health check[39m {"duration":"0ms"}
2026-01-30 13:53:14:5314 [35mhttp[39m: [35m[HTTP] POST /rpc/startAssessment[39m {"method":"POST","path":"/rpc/startAssessment","userAgent":"curl/8.7.1"}
2026-01-30 13:53:14:5314 [32minfo[39m: [32mAssessment session started (placeholder)[39m {"sessionId":"session_1769777594130_pntxn","userId":"test"}
2026-01-30 13:53:14:5314 [37mdebug[39m: [37m[RPC] startAssessment completed[39m {"procedure":"startAssessment","duration":"2ms"}
2026-01-30 14:12:49:1249 [32minfo[39m: [32mServer starting on http://0.0.0.0:4000[39m
2026-01-30 14:12:49:1249 [32minfo[39m: [32mRPC endpoint available at /rpc[39m
2026-01-30 14:17:26:1726 [32minfo[39m: [32mServer starting on http://0.0.0.0:4000[39m
2026-01-30 14:17:26:1726 [32minfo[39m: [32mRPC endpoint available at /rpc[39m
2026-01-30 14:17:45:1745 [32minfo[39m: [32mServer starting on http://0.0.0.0:4000[39m
2026-01-30 14:17:45:1745 [32minfo[39m: [32mRPC endpoint available at /rpc[39m
2026-01-30 14:18:05:185 [32minfo[39m: [32mServer starting on http://0.0.0.0:4000[39m
2026-01-30 14:18:05:185 [32minfo[39m: [32mRPC endpoint available at /rpc[39m
2026-01-30 14:18:21:1821 [32minfo[39m: [32mServer starting on http://0.0.0.0:4000[39m
2026-01-30 14:18:21:1821 [32minfo[39m: [32mRPC endpoint available at /rpc[39m
2026-01-30 14:20:18:2018 [32minfo[39m: [32mServer starting on http://0.0.0.0:4000[39m
2026-01-30 14:20:18:2018 [32minfo[39m: [32mRPC endpoint available at /rpc[39m
2026-01-30 14:21:55:2155 [32minfo[39m: [32mServer starting on http://0.0.0.0:4000[39m
2026-01-30 14:21:55:2155 [32minfo[39m: [32mRPC endpoint available at /rpc[39m
2026-01-30 14:24:02:242 [32minfo[39m: [32mServer starting on http://0.0.0.0:4000[39m
2026-01-30 14:24:02:242 [32minfo[39m: [32mRPC endpoint available at /rpc[39m
2026-01-30 14:24:44:2444 [32minfo[39m: [32mServer starting on http://0.0.0.0:4000[39m
2026-01-30 14:24:44:2444 [32minfo[39m: [32mRPC endpoint available at /rpc[39m
2026-01-30 14:53:34:5334 [32minfo[39m: [32mServer starting on http://0.0.0.0:4000[39m
2026-01-30 14:53:34:5334 [32minfo[39m: [32mRPC endpoint available at /rpc[39m
2026-01-30 15:19:39:1939 [32minfo[39m: [32mServer starting on http://0.0.0.0:4000[39m
2026-01-30 15:19:39:1939 [32minfo[39m: [32mRPC endpoint available at /rpc[39m
2026-01-30 15:19:39:1939 [32minfo[39m: [32mHealth endpoint available at /health[39m
2026-01-30 15:19:04:194 [32minfo[39m: [32mServer starting on http://0.0.0.0:4000[39m
2026-01-30 15:19:04:194 [32minfo[39m: [32mRPC endpoint available at /rpc[39m
2026-01-30 15:19:04:194 [32minfo[39m: [32mHealth endpoint available at /health[39m
2026-01-30 15:19:43:1943 [37mdebug[39m: [37m[HTTP] Health check passed[39m
2026-01-30 15:21:10:2110 [37mdebug[39m: [37m[HTTP] Health check passed[39m
2026-01-30 15:21:48:2148 [32minfo[39m: [32mServer starting on http://0.0.0.0:4000[39m
2026-01-30 15:21:48:2148 [32minfo[39m: [32mRPC endpoint available at /rpc[39m
2026-01-30 15:21:48:2148 [32minfo[39m: [32mHealth endpoint available at /health[39m
2026-01-30 15:21:57:2157 [37mdebug[39m: [37m[HTTP] Health check passed[39m
2026-01-30 15:22:12:2212 [37mdebug[39m: [37m[HTTP] Health check passed[39m
2026-01-30 15:22:27:2227 [37mdebug[39m: [37m[HTTP] Health check passed[39m
2026-01-30 15:22:42:2242 [37mdebug[39m: [37m[HTTP] Health check passed[39m
2026-01-30 15:22:57:2257 [37mdebug[39m: [37m[HTTP] Health check passed[39m
2026-01-30 15:23:12:2312 [37mdebug[39m: [37m[HTTP] Health check passed[39m
2026-01-30 15:23:27:2327 [37mdebug[39m: [37m[HTTP] Health check passed[39m
2026-01-30 15:28:03:283 [32minfo[39m: [32mServer starting on http://0.0.0.0:4000[39m
2026-01-30 15:28:03:283 [32minfo[39m: [32mRPC endpoint available at /rpc[39m
2026-01-30 15:28:03:283 [32minfo[39m: [32mHealth endpoint available at /health[39m
2026-01-30 15:28:07:287 [37mdebug[39m: [37m[HTTP] Health check passed[39m
2026-01-30 15:28:18:2818 [37mdebug[39m: [37m[HTTP] Health check passed[39m
2026-01-30 15:28:31:2831 [37mdebug[39m: [37m[HTTP] Health check passed[39m
2026-01-30 15:28:33:2833 [37mdebug[39m: [37m[HTTP] Health check passed[39m
2026-01-30 15:45:50:4550 [32minfo[39m: [32mServer starting on http://0.0.0.0:4000[39m
2026-01-30 15:45:50:4550 [32minfo[39m: [32mRPC endpoint available at /rpc[39m
2026-01-30 15:45:50:4550 [32minfo[39m: [32mHealth endpoint available at /health[39m
2026-01-30 15:45:54:4554 [37mdebug[39m: [37m[HTTP] Health check passed[39m
2026-01-30 15:46:04:464 [37mdebug[39m: [37m[HTTP] Health check passed[39m
2026-01-30 15:46:20:4620 [37mdebug[39m: [37m[HTTP] Health check passed[39m
2026-01-30 15:46:35:4635 [37mdebug[39m: [37m[HTTP] Health check passed[39m
2026-01-30 15:46:50:4650 [37mdebug[39m: [37m[HTTP] Health check passed[39m
2026-01-30 15:47:05:475 [37mdebug[39m: [37m[HTTP] Health check passed[39m
2026-01-30 15:47:20:4720 [37mdebug[39m: [37m[HTTP] Health check passed[39m
2026-01-30 15:47:35:4735 [37mdebug[39m: [37m[HTTP] Health check passed[39m
2026-01-30 15:47:50:4750 [37mdebug[39m: [37m[HTTP] Health check passed[39m
2026-01-30 15:48:05:485 [37mdebug[39m: [37m[HTTP] Health check passed[39m
2026-01-30 15:48:20:4820 [37mdebug[39m: [37m[HTTP] Health check passed[39m
2026-01-30 15:48:35:4835 [37mdebug[39m: [37m[HTTP] Health check passed[39m
2026-01-30 15:48:50:4850 [37mdebug[39m: [37m[HTTP] Health check passed[39m
2026-01-30 15:49:05:495 [37mdebug[39m: [37m[HTTP] Health check passed[39m
2026-01-30 15:49:20:4920 [37mdebug[39m: [37m[HTTP] Health check passed[39m
2026-01-30 15:49:35:4935 [37mdebug[39m: [37m[HTTP] Health check passed[39m
2026-01-30 15:49:50:4950 [37mdebug[39m: [37m[HTTP] Health check passed[39m
2026-01-30 15:50:05:505 [37mdebug[39m: [37m[HTTP] Health check passed[39m
2026-01-30 15:50:20:5020 [37mdebug[39m: [37m[HTTP] Health check passed[39m
2026-01-30 15:51:01:511 [32minfo[39m: [32mServer starting on http://0.0.0.0:4000[39m
2026-01-30 15:51:01:511 [32minfo[39m: [32mRPC endpoint available at /rpc[39m
2026-01-30 15:51:01:511 [32minfo[39m: [32mHealth endpoint available at /health[39m
2026-01-30 15:51:05:515 [37mdebug[39m: [37m[HTTP] Health check passed[39m
2026-01-30 15:51:15:5115 [37mdebug[39m: [37m[HTTP] Health check passed[39m
2026-01-30 15:51:30:5130 [37mdebug[39m: [37m[HTTP] Health check passed[39m
2026-01-30 15:51:45:5145 [37mdebug[39m: [37m[HTTP] Health check passed[39m
2026-01-30 15:52:00:520 [37mdebug[39m: [37m[HTTP] Health check passed[39m
2026-01-30 15:52:15:5215 [37mdebug[39m: [37m[HTTP] Health check passed[39m
2026-01-30 15:52:30:5230 [37mdebug[39m: [37m[HTTP] Health check passed[39m
2026-01-30 15:52:45:5245 [37mdebug[39m: [37m[HTTP] Health check passed[39m
2026-01-30 15:53:00:530 [37mdebug[39m: [37m[HTTP] Health check passed[39m
2026-01-30 15:53:15:5315 [37mdebug[39m: [37m[HTTP] Health check passed[39m
2026-01-30 15:53:51:5351 [32minfo[39m: [32mServer starting on http://0.0.0.0:4000[39m
2026-01-30 15:53:51:5351 [32minfo[39m: [32mRPC endpoint available at /rpc[39m
2026-01-30 15:53:51:5351 [32minfo[39m: [32mHealth endpoint available at /health[39m
2026-01-30 15:53:55:5355 [37mdebug[39m: [37m[HTTP] Health check passed[39m
2026-01-30 15:54:05:545 [37mdebug[39m: [37m[HTTP] Health check passed[39m
2026-01-30 15:54:20:5420 [37mdebug[39m: [37m[HTTP] Health check passed[39m
2026-01-30 15:56:27:5627 [32minfo[39m: [32mServer starting on http://0.0.0.0:4000[39m
2026-01-30 15:56:27:5627 [32minfo[39m: [32mRPC endpoint available at /rpc[39m
2026-01-30 15:56:27:5627 [32minfo[39m: [32mHealth endpoint available at /health[39m
2026-01-30 15:56:31:5631 [37mdebug[39m: [37m[HTTP] Health check passed[39m
2026-01-30 15:56:41:5641 [37mdebug[39m: [37m[HTTP] Health check passed[39m
2026-01-30 15:58:08:588 [32minfo[39m: [32mServer starting on http://0.0.0.0:4000[39m
2026-01-30 15:58:08:588 [32minfo[39m: [32mRPC endpoint available at /rpc[39m
2026-01-30 15:58:08:588 [32minfo[39m: [32mHealth endpoint available at /health[39m
2026-01-30 15:58:12:5812 [37mdebug[39m: [37m[HTTP] Health check passed[39m
2026-01-30 15:58:22:5822 [37mdebug[39m: [37m[HTTP] Health check passed[39m
2026-01-30 15:59:34:5934 [32minfo[39m: [32mServer starting on http://0.0.0.0:4000[39m
2026-01-30 15:59:34:5934 [32minfo[39m: [32mRPC endpoint available at /rpc[39m
2026-01-30 15:59:34:5934 [32minfo[39m: [32mHealth endpoint available at /health[39m
2026-01-30 15:59:38:5938 [37mdebug[39m: [37m[HTTP] Health check passed[39m
2026-01-30 15:59:48:5948 [37mdebug[39m: [37m[HTTP] Health check passed[39m
2026-01-30 16:00:03:03 [37mdebug[39m: [37m[HTTP] Health check passed[39m
2026-01-30 16:00:18:018 [37mdebug[39m: [37m[HTTP] Health check passed[39m
2026-01-30 16:00:33:033 [37mdebug[39m: [37m[HTTP] Health check passed[39m
2026-01-30 16:00:48:048 [37mdebug[39m: [37m[HTTP] Health check passed[39m
2026-01-30 16:01:03:13 [37mdebug[39m: [37m[HTTP] Health check passed[39m
2026-01-30 16:01:05:15 [37mdebug[39m: [37m[HTTP] Health check passed[39m
2026-01-30 16:01:18:118 [37mdebug[39m: [37m[HTTP] Health check passed[39m
2026-01-30 16:01:33:133 [37mdebug[39m: [37m[HTTP] Health check passed[39m
2026-01-30 16:01:48:148 [37mdebug[39m: [37m[HTTP] Health check passed[39m
2026-01-30 16:02:03:23 [37mdebug[39m: [37m[HTTP] Health check passed[39m
2026-01-30 16:02:18:218 [37mdebug[39m: [37m[HTTP] Health check passed[39m
2026-01-30 16:02:33:233 [37mdebug[39m: [37m[HTTP] Health check passed[39m
2026-01-30 16:02:48:248 [37mdebug[39m: [37m[HTTP] Health check passed[39m
2026-01-30 16:03:03:33 [37mdebug[39m: [37m[HTTP] Health check passed[39m
2026-01-30 16:03:18:318 [37mdebug[39m: [37m[HTTP] Health check passed[39m
2026-01-30 16:03:33:333 [37mdebug[39m: [37m[HTTP] Health check passed[39m
2026-01-30 16:03:49:349 [37mdebug[39m: [37m[HTTP] Health check passed[39m
2026-01-30 16:04:04:44 [37mdebug[39m: [37m[HTTP] Health check passed[39m
2026-01-30 16:04:19:419 [37mdebug[39m: [37m[HTTP] Health check passed[39m
2026-01-30 16:04:34:434 [37mdebug[39m: [37m[HTTP] Health check passed[39m
2026-01-30 16:04:49:449 [37mdebug[39m: [37m[HTTP] Health check passed[39m
2026-01-30 16:05:04:54 [37mdebug[39m: [37m[HTTP] Health check passed[39m
2026-01-30 16:05:19:519 [37mdebug[39m: [37m[HTTP] Health check passed[39m
2026-01-30 16:05:34:534 [37mdebug[39m: [37m[HTTP] Health check passed[39m
2026-01-30 16:05:49:549 [37mdebug[39m: [37m[HTTP] Health check passed[39m
2026-01-30 16:06:04:64 [37mdebug[39m: [37m[HTTP] Health check passed[39m
2026-01-30 16:06:19:619 [37mdebug[39m: [37m[HTTP] Health check passed[39m
2026-01-30 16:06:34:634 [37mdebug[39m: [37m[HTTP] Health check passed[39m
2026-01-30 16:06:49:649 [37mdebug[39m: [37m[HTTP] Health check passed[39m
2026-01-30 16:07:04:74 [37mdebug[39m: [37m[HTTP] Health check passed[39m
2026-01-30 16:07:19:719 [37mdebug[39m: [37m[HTTP] Health check passed[39m
2026-01-30 16:07:35:735 [37mdebug[39m: [37m[HTTP] Health check passed[39m
2026-01-30 16:07:50:750 [37mdebug[39m: [37m[HTTP] Health check passed[39m
2026-01-30 16:08:05:85 [37mdebug[39m: [37m[HTTP] Health check passed[39m
2026-01-30 16:08:20:820 [37mdebug[39m: [37m[HTTP] Health check passed[39m
2026-01-30 16:08:35:835 [37mdebug[39m: [37m[HTTP] Health check passed[39m
2026-01-30 16:08:50:850 [37mdebug[39m: [37m[HTTP] Health check passed[39m
2026-01-30 16:09:05:95 [37mdebug[39m: [37m[HTTP] Health check passed[39m
2026-01-30 16:09:20:920 [37mdebug[39m: [37m[HTTP] Health check passed[39m
2026-01-30 16:09:35:935 [37mdebug[39m: [37m[HTTP] Health check passed[39m
2026-01-30 16:09:50:950 [37mdebug[39m: [37m[HTTP] Health check passed[39m
2026-01-30 16:10:05:105 [37mdebug[39m: [37m[HTTP] Health check passed[39m
2026-01-30 16:10:20:1020 [37mdebug[39m: [37m[HTTP] Health check passed[39m
2026-01-30 16:10:35:1035 [37mdebug[39m: [37m[HTTP] Health check passed[39m
2026-01-30 16:11:06:116 [37mdebug[39m: [37m[HTTP] Health check passed[39m
2026-01-30 16:11:21:1121 [37mdebug[39m: [37m[HTTP] Health check passed[39m
2026-01-30 16:12:49:1249 [37mdebug[39m: [37m[HTTP] Health check passed[39m
2026-01-30 16:13:04:134 [37mdebug[39m: [37m[HTTP] Health check passed[39m
2026-01-30 16:13:19:1319 [37mdebug[39m: [37m[HTTP] Health check passed[39m
2026-01-30 16:13:34:1334 [37mdebug[39m: [37m[HTTP] Health check passed[39m
2026-01-30 16:13:52:1352 [37mdebug[39m: [37m[HTTP] Health check passed[39m
2026-01-30 16:14:07:147 [37mdebug[39m: [37m[HTTP] Health check passed[39m
2026-01-30 16:14:22:1422 [37mdebug[39m: [37m[HTTP] Health check passed[39m
2026-01-30 16:14:37:1437 [37mdebug[39m: [37m[HTTP] Health check passed[39m
2026-01-30 16:19:50:1950 [37mdebug[39m: [37m[HTTP] Health check passed[39m
2026-01-30 16:20:05:205 [37mdebug[39m: [37m[HTTP] Health check passed[39m
2026-01-30 16:21:51:2151 [37mdebug[39m: [37m[HTTP] Health check passed[39m
2026-01-30 16:22:06:226 [37mdebug[39m: [37m[HTTP] Health check passed[39m
2026-01-30 16:22:21:2221 [37mdebug[39m: [37m[HTTP] Health check passed[39m
2026-01-30 16:22:36:2236 [37mdebug[39m: [37m[HTTP] Health check passed[39m
2026-01-30 16:23:03:233 [37mdebug[39m: [37m[HTTP] Health check passed[39m
2026-01-30 16:23:18:2318 [37mdebug[39m: [37m[HTTP] Health check passed[39m
2026-01-30 16:28:31:2831 [37mdebug[39m: [37m[HTTP] Health check passed[39m
2026-01-30 16:28:46:2846 [37mdebug[39m: [37m[HTTP] Health check passed[39m
2026-01-30 16:29:01:291 [37mdebug[39m: [37m[HTTP] Health check passed[39m
2026-01-30 16:29:16:2916 [37mdebug[39m: [37m[HTTP] Health check passed[39m
2026-01-30 16:29:32:2932 [37mdebug[39m: [37m[HTTP] Health check passed[39m
2026-01-30 16:29:47:2947 [37mdebug[39m: [37m[HTTP] Health check passed[39m
2026-01-30 16:30:02:302 [37mdebug[39m: [37m[HTTP] Health check passed[39m
2026-01-30 16:30:17:3017 [37mdebug[39m: [37m[HTTP] Health check passed[39m
2026-01-30 16:30:32:3032 [37mdebug[39m: [37m[HTTP] Health check passed[39m
2026-01-30 16:30:47:3047 [37mdebug[39m: [37m[HTTP] Health check passed[39m
2026-01-30 16:31:02:312 [37mdebug[39m: [37m[HTTP] Health check passed[39m
2026-01-30 16:31:17:3117 [37mdebug[39m: [37m[HTTP] Health check passed[39m
2026-01-30 16:31:32:3132 [37mdebug[39m: [37m[HTTP] Health check passed[39m
2026-01-30 16:31:47:3147 [37mdebug[39m: [37m[HTTP] Health check passed[39m
2026-01-30 16:32:02:322 [37mdebug[39m: [37m[HTTP] Health check passed[39m
2026-01-30 16:32:17:3217 [37mdebug[39m: [37m[HTTP] Health check passed[39m
2026-01-30 16:32:32:3232 [37mdebug[39m: [37m[HTTP] Health check passed[39m
2026-01-30 16:32:47:3247 [37mdebug[39m: [37m[HTTP] Health check passed[39m
2026-01-30 16:33:02:332 [37mdebug[39m: [37m[HTTP] Health check passed[39m
2026-01-30 16:33:17:3317 [37mdebug[39m: [37m[HTTP] Health check passed[39m
2026-01-30 16:33:33:3333 [37mdebug[39m: [37m[HTTP] Health check passed[39m
2026-01-30 16:33:48:3348 [37mdebug[39m: [37m[HTTP] Health check passed[39m
2026-01-30 16:34:03:343 [37mdebug[39m: [37m[HTTP] Health check passed[39m
2026-01-30 16:34:18:3418 [37mdebug[39m: [37m[HTTP] Health check passed[39m
2026-01-30 16:34:33:3433 [37mdebug[39m: [37m[HTTP] Health check passed[39m
2026-01-30 16:34:48:3448 [37mdebug[39m: [37m[HTTP] Health check passed[39m
2026-01-30 16:35:03:353 [37mdebug[39m: [37m[HTTP] Health check passed[39m
2026-01-30 16:35:18:3518 [37mdebug[39m: [37m[HTTP] Health check passed[39m
2026-01-30 16:35:33:3533 [37mdebug[39m: [37m[HTTP] Health check passed[39m
2026-01-30 16:35:48:3548 [37mdebug[39m: [37m[HTTP] Health check passed[39m
2026-01-30 16:36:03:363 [37mdebug[39m: [37m[HTTP] Health check passed[39m
2026-01-30 16:36:18:3618 [37mdebug[39m: [37m[HTTP] Health check passed[39m
2026-01-30 16:36:33:3633 [37mdebug[39m: [37m[HTTP] Health check passed[39m
2026-01-30 16:36:48:3648 [37mdebug[39m: [37m[HTTP] Health check passed[39m
2026-01-30 16:37:03:373 [37mdebug[39m: [37m[HTTP] Health check passed[39m
2026-01-30 16:37:19:3719 [37mdebug[39m: [37m[HTTP] Health check passed[39m
2026-01-30 16:37:34:3734 [37mdebug[39m: [37m[HTTP] Health check passed[39m
2026-01-30 16:37:49:3749 [37mdebug[39m: [37m[HTTP] Health check passed[39m
2026-01-30 16:38:04:384 [37mdebug[39m: [37m[HTTP] Health check passed[39m
2026-01-30 16:38:19:3819 [37mdebug[39m: [37m[HTTP] Health check passed[39m
2026-01-30 16:38:34:3834 [37mdebug[39m: [37m[HTTP] Health check passed[39m
2026-01-30 16:38:49:3849 [37mdebug[39m: [37m[HTTP] Health check passed[39m
2026-01-30 16:39:04:394 [37mdebug[39m: [37m[HTTP] Health check passed[39m
2026-01-30 16:39:19:3919 [37mdebug[39m: [37m[HTTP] Health check passed[39m
2026-01-30 16:39:34:3934 [37mdebug[39m: [37m[HTTP] Health check passed[39m
2026-01-30 16:39:49:3949 [37mdebug[39m: [37m[HTTP] Health check passed[39m
2026-01-30 16:40:04:404 [37mdebug[39m: [37m[HTTP] Health check passed[39m
2026-01-30 16:40:19:4019 [37mdebug[39m: [37m[HTTP] Health check passed[39m
2026-01-30 16:40:34:4034 [37mdebug[39m: [37m[HTTP] Health check passed[39m
2026-01-30 16:40:49:4049 [37mdebug[39m: [37m[HTTP] Health check passed[39m
2026-01-30 16:41:04:414 [37mdebug[39m: [37m[HTTP] Health check passed[39m
2026-01-30 16:41:20:4120 [37mdebug[39m: [37m[HTTP] Health check passed[39m
2026-01-30 16:41:35:4135 [37mdebug[39m: [37m[HTTP] Health check passed[39m
2026-01-30 16:41:50:4150 [37mdebug[39m: [37m[HTTP] Health check passed[39m
2026-01-30 16:42:05:425 [37mdebug[39m: [37m[HTTP] Health check passed[39m
2026-01-30 16:42:20:4220 [37mdebug[39m: [37m[HTTP] Health check passed[39m
2026-01-30 16:42:35:4235 [37mdebug[39m: [37m[HTTP] Health check passed[39m
2026-01-30 16:42:50:4250 [37mdebug[39m: [37m[HTTP] Health check passed[39m
2026-01-30 16:43:05:435 [37mdebug[39m: [37m[HTTP] Health check passed[39m
2026-01-30 16:43:20:4320 [37mdebug[39m: [37m[HTTP] Health check passed[39m
2026-01-30 16:43:35:4335 [37mdebug[39m: [37m[HTTP] Health check passed[39m
2026-01-30 16:43:50:4350 [37mdebug[39m: [37m[HTTP] Health check passed[39m
2026-01-30 16:44:05:445 [37mdebug[39m: [37m[HTTP] Health check passed[39m
2026-01-30 16:44:20:4420 [37mdebug[39m: [37m[HTTP] Health check passed[39m
2026-01-30 16:44:35:4435 [37mdebug[39m: [37m[HTTP] Health check passed[39m
2026-01-30 16:44:50:4450 [37mdebug[39m: [37m[HTTP] Health check passed[39m
2026-01-30 16:45:06:456 [37mdebug[39m: [37m[HTTP] Health check passed[39m
2026-01-30 16:45:21:4521 [37mdebug[39m: [37m[HTTP] Health check passed[39m
2026-01-30 16:45:36:4536 [37mdebug[39m: [37m[HTTP] Health check passed[39m
2026-01-30 16:45:51:4551 [37mdebug[39m: [37m[HTTP] Health check passed[39m
2026-01-30 16:46:06:466 [37mdebug[39m: [37m[HTTP] Health check passed[39m
2026-01-30 16:46:21:4621 [37mdebug[39m: [37m[HTTP] Health check passed[39m
2026-01-30 16:46:36:4636 [37mdebug[39m: [37m[HTTP] Health check passed[39m
2026-01-30 16:46:51:4651 [37mdebug[39m: [37m[HTTP] Health check passed[39m
2026-01-30 16:47:06:476 [37mdebug[39m: [37m[HTTP] Health check passed[39m
2026-01-30 16:47:21:4721 [37mdebug[39m: [37m[HTTP] Health check passed[39m
2026-01-30 16:47:36:4736 [37mdebug[39m: [37m[HTTP] Health check passed[39m
2026-01-30 16:47:51:4751 [37mdebug[39m: [37m[HTTP] Health check passed[39m
2026-01-30 16:48:06:486 [37mdebug[39m: [37m[HTTP] Health check passed[39m
2026-01-30 16:48:21:4821 [37mdebug[39m: [37m[HTTP] Health check passed[39m
2026-01-30 16:48:37:4837 [37mdebug[39m: [37m[HTTP] Health check passed[39m
2026-01-30 16:48:52:4852 [37mdebug[39m: [37m[HTTP] Health check passed[39m
2026-01-30 16:49:07:497 [37mdebug[39m: [37m[HTTP] Health check passed[39m
2026-01-30 16:49:22:4922 [37mdebug[39m: [37m[HTTP] Health check passed[39m
2026-01-30 16:49:37:4937 [37mdebug[39m: [37m[HTTP] Health check passed[39m
2026-01-30 16:49:52:4952 [37mdebug[39m: [37m[HTTP] Health check passed[39m
2026-01-30 16:50:07:507 [37mdebug[39m: [37m[HTTP] Health check passed[39m
2026-01-30 16:50:22:5022 [37mdebug[39m: [37m[HTTP] Health check passed[39m
2026-01-30 16:50:37:5037 [37mdebug[39m: [37m[HTTP] Health check passed[39m
2026-01-30 16:50:52:5052 [37mdebug[39m: [37m[HTTP] Health check passed[39m
2026-01-30 16:51:07:517 [37mdebug[39m: [37m[HTTP] Health check passed[39m
2026-01-30 16:51:22:5122 [37mdebug[39m: [37m[HTTP] Health check passed[39m
2026-01-30 16:51:37:5137 [37mdebug[39m: [37m[HTTP] Health check passed[39m
2026-01-30 16:51:52:5152 [37mdebug[39m: [37m[HTTP] Health check passed[39m
2026-01-30 16:52:07:527 [37mdebug[39m: [37m[HTTP] Health check passed[39m
2026-01-30 16:52:23:5223 [37mdebug[39m: [37m[HTTP] Health check passed[39m
2026-01-30 16:52:38:5238 [37mdebug[39m: [37m[HTTP] Health check passed[39m
2026-01-30 16:52:53:5253 [37mdebug[39m: [37m[HTTP] Health check passed[39m
2026-01-30 16:53:08:538 [37mdebug[39m: [37m[HTTP] Health check passed[39m
2026-01-30 16:53:23:5323 [37mdebug[39m: [37m[HTTP] Health check passed[39m
2026-01-30 16:53:38:5338 [37mdebug[39m: [37m[HTTP] Health check passed[39m
2026-01-30 16:53:53:5353 [37mdebug[39m: [37m[HTTP] Health check passed[39m
2026-01-30 16:54:08:548 [37mdebug[39m: [37m[HTTP] Health check passed[39m
2026-01-30 16:54:23:5423 [37mdebug[39m: [37m[HTTP] Health check passed[39m
2026-01-30 16:54:38:5438 [37mdebug[39m: [37m[HTTP] Health check passed[39m
2026-01-30 16:54:53:5453 [37mdebug[39m: [37m[HTTP] Health check passed[39m
2026-01-30 16:55:08:558 [37mdebug[39m: [37m[HTTP] Health check passed[39m
2026-01-30 16:55:23:5523 [37mdebug[39m: [37m[HTTP] Health check passed[39m
2026-01-30 16:55:38:5538 [37mdebug[39m: [37m[HTTP] Health check passed[39m
2026-01-30 16:55:53:5553 [37mdebug[39m: [37m[HTTP] Health check passed[39m
2026-01-30 16:56:09:569 [37mdebug[39m: [37m[HTTP] Health check passed[39m
2026-01-30 16:56:24:5624 [37mdebug[39m: [37m[HTTP] Health check passed[39m
2026-01-30 16:56:39:5639 [37mdebug[39m: [37m[HTTP] Health check passed[39m
2026-01-30 16:56:54:5654 [37mdebug[39m: [37m[HTTP] Health check passed[39m
2026-01-30 16:57:09:579 [37mdebug[39m: [37m[HTTP] Health check passed[39m
2026-01-30 16:57:24:5724 [37mdebug[39m: [37m[HTTP] Health check passed[39m
2026-01-30 16:57:39:5739 [37mdebug[39m: [37m[HTTP] Health check passed[39m
2026-01-30 16:57:54:5754 [37mdebug[39m: [37m[HTTP] Health check passed[39m
2026-01-30 16:58:09:589 [37mdebug[39m: [37m[HTTP] Health check passed[39m
2026-01-30 16:58:24:5824 [37mdebug[39m: [37m[HTTP] Health check passed[39m
2026-01-30 16:58:39:5839 [37mdebug[39m: [37m[HTTP] Health check passed[39m
2026-01-30 16:58:54:5854 [37mdebug[39m: [37m[HTTP] Health check passed[39m
2026-01-30 16:59:09:599 [37mdebug[39m: [37m[HTTP] Health check passed[39m
2026-01-30 16:59:24:5924 [37mdebug[39m: [37m[HTTP] Health check passed[39m
2026-01-30 16:59:39:5939 [37mdebug[39m: [37m[HTTP] Health check passed[39m
2026-01-30 16:59:55:5955 [37mdebug[39m: [37m[HTTP] Health check passed[39m
2026-01-30 17:00:10:010 [37mdebug[39m: [37m[HTTP] Health check passed[39m
2026-01-30 17:00:25:025 [37mdebug[39m: [37m[HTTP] Health check passed[39m
2026-01-30 17:00:40:040 [37mdebug[39m: [37m[HTTP] Health check passed[39m
2026-01-30 17:00:55:055 [37mdebug[39m: [37m[HTTP] Health check passed[39m
2026-01-30 17:01:10:110 [37mdebug[39m: [37m[HTTP] Health check passed[39m
2026-01-30 17:01:25:125 [37mdebug[39m: [37m[HTTP] Health check passed[39m
2026-01-30 17:01:40:140 [37mdebug[39m: [37m[HTTP] Health check passed[39m
2026-01-30 17:01:55:155 [37mdebug[39m: [37m[HTTP] Health check passed[39m
2026-01-30 17:02:10:210 [37mdebug[39m: [37m[HTTP] Health check passed[39m
2026-01-30 17:02:25:225 [37mdebug[39m: [37m[HTTP] Health check passed[39m
2026-01-30 17:02:40:240 [37mdebug[39m: [37m[HTTP] Health check passed[39m
2026-01-30 17:02:55:255 [37mdebug[39m: [37m[HTTP] Health check passed[39m
2026-01-30 17:03:10:310 [37mdebug[39m: [37m[HTTP] Health check passed[39m
2026-01-30 17:03:25:325 [37mdebug[39m: [37m[HTTP] Health check passed[39m
2026-01-30 17:03:40:340 [37mdebug[39m: [37m[HTTP] Health check passed[39m
2026-01-30 17:03:56:356 [37mdebug[39m: [37m[HTTP] Health check passed[39m
2026-01-30 17:04:11:411 [37mdebug[39m: [37m[HTTP] Health check passed[39m
2026-01-30 17:04:26:426 [37mdebug[39m: [37m[HTTP] Health check passed[39m
2026-01-30 17:04:41:441 [37mdebug[39m: [37m[HTTP] Health check passed[39m
2026-01-30 17:04:56:456 [37mdebug[39m: [37m[HTTP] Health check passed[39m
2026-01-30 17:05:11:511 [37mdebug[39m: [37m[HTTP] Health check passed[39m
2026-01-30 17:05:26:526 [37mdebug[39m: [37m[HTTP] Health check passed[39m
2026-01-30 17:05:41:541 [37mdebug[39m: [37m[HTTP] Health check passed[39m
2026-01-30 17:05:56:556 [37mdebug[39m: [37m[HTTP] Health check passed[39m
2026-01-30 17:06:11:611 [37mdebug[39m: [37m[HTTP] Health check passed[39m
2026-01-30 17:06:26:626 [37mdebug[39m: [37m[HTTP] Health check passed[39m
2026-01-30 17:06:41:641 [37mdebug[39m: [37m[HTTP] Health check passed[39m
2026-01-30 17:06:56:656 [37mdebug[39m: [37m[HTTP] Health check passed[39m
2026-01-30 17:07:11:711 [37mdebug[39m: [37m[HTTP] Health check passed[39m
2026-01-30 17:07:26:726 [37mdebug[39m: [37m[HTTP] Health check passed[39m
2026-01-30 17:07:42:742 [37mdebug[39m: [37m[HTTP] Health check passed[39m
2026-01-30 17:07:57:757 [37mdebug[39m: [37m[HTTP] Health check passed[39m
2026-01-30 17:08:12:812 [37mdebug[39m: [37m[HTTP] Health check passed[39m
2026-01-30 17:08:27:827 [37mdebug[39m: [37m[HTTP] Health check passed[39m
2026-01-30 17:08:42:842 [37mdebug[39m: [37m[HTTP] Health check passed[39m
2026-01-30 17:08:57:857 [37mdebug[39m: [37m[HTTP] Health check passed[39m
2026-01-30 17:09:12:912 [37mdebug[39m: [37m[HTTP] Health check passed[39m
2026-01-30 17:09:27:927 [37mdebug[39m: [37m[HTTP] Health check passed[39m
2026-01-30 17:09:42:942 [37mdebug[39m: [37m[HTTP] Health check passed[39m
2026-01-30 17:09:57:957 [37mdebug[39m: [37m[HTTP] Health check passed[39m
2026-01-30 17:10:12:1012 [37mdebug[39m: [37m[HTTP] Health check passed[39m
2026-01-30 17:10:27:1027 [37mdebug[39m: [37m[HTTP] Health check passed[39m
2026-01-30 17:10:42:1042 [37mdebug[39m: [37m[HTTP] Health check passed[39m
2026-01-30 17:10:57:1057 [37mdebug[39m: [37m[HTTP] Health check passed[39m
2026-01-30 17:11:12:1112 [37mdebug[39m: [37m[HTTP] Health check passed[39m
2026-01-30 17:11:27:1127 [37mdebug[39m: [37m[HTTP] Health check passed[39m
2026-01-30 17:11:43:1143 [37mdebug[39m: [37m[HTTP] Health check passed[39m
2026-01-30 17:11:58:1158 [37mdebug[39m: [37m[HTTP] Health check passed[39m
2026-01-30 17:12:13:1213 [37mdebug[39m: [37m[HTTP] Health check passed[39m
2026-01-30 17:12:28:1228 [37mdebug[39m: [37m[HTTP] Health check passed[39m
2026-01-30 17:12:43:1243 [37mdebug[39m: [37m[HTTP] Health check passed[39m
2026-01-30 17:12:58:1258 [37mdebug[39m: [37m[HTTP] Health check passed[39m
2026-01-30 17:13:13:1313 [37mdebug[39m: [37m[HTTP] Health check passed[39m
2026-01-30 17:13:28:1328 [37mdebug[39m: [37m[HTTP] Health check passed[39m
2026-01-30 17:13:43:1343 [37mdebug[39m: [37m[HTTP] Health check passed[39m
2026-01-30 17:13:58:1358 [37mdebug[39m: [37m[HTTP] Health check passed[39m
2026-01-30 17:14:13:1413 [37mdebug[39m: [37m[HTTP] Health check passed[39m
2026-01-30 17:14:28:1428 [37mdebug[39m: [37m[HTTP] Health check passed[39m
2026-01-30 17:14:43:1443 [37mdebug[39m: [37m[HTTP] Health check passed[39m
2026-01-30 17:14:58:1458 [37mdebug[39m: [37m[HTTP] Health check passed[39m
2026-01-30 17:15:14:1514 [37mdebug[39m: [37m[HTTP] Health check passed[39m
2026-01-30 17:15:29:1529 [37mdebug[39m: [37m[HTTP] Health check passed[39m
2026-01-30 17:15:44:1544 [37mdebug[39m: [37m[HTTP] Health check passed[39m
2026-01-30 17:15:59:1559 [37mdebug[39m: [37m[HTTP] Health check passed[39m
2026-01-30 17:16:14:1614 [37mdebug[39m: [37m[HTTP] Health check passed[39m
2026-01-30 17:16:29:1629 [37mdebug[39m: [37m[HTTP] Health check passed[39m
2026-01-30 17:16:44:1644 [37mdebug[39m: [37m[HTTP] Health check passed[39m
2026-01-30 17:16:59:1659 [37mdebug[39m: [37m[HTTP] Health check passed[39m
2026-01-30 17:17:14:1714 [37mdebug[39m: [37m[HTTP] Health check passed[39m
2026-01-30 17:17:29:1729 [37mdebug[39m: [37m[HTTP] Health check passed[39m
2026-01-30 17:17:44:1744 [37mdebug[39m: [37m[HTTP] Health check passed[39m
2026-01-30 17:17:59:1759 [37mdebug[39m: [37m[HTTP] Health check passed[39m
2026-01-30 17:18:14:1814 [37mdebug[39m: [37m[HTTP] Health check passed[39m
2026-01-30 17:18:29:1829 [37mdebug[39m: [37m[HTTP] Health check passed[39m
2026-01-30 17:18:44:1844 [37mdebug[39m: [37m[HTTP] Health check passed[39m
2026-01-30 17:19:00:190 [37mdebug[39m: [37m[HTTP] Health check passed[39m
2026-01-30 17:19:15:1915 [37mdebug[39m: [37m[HTTP] Health check passed[39m
2026-01-30 17:19:30:1930 [37mdebug[39m: [37m[HTTP] Health check passed[39m
2026-01-30 17:19:45:1945 [37mdebug[39m: [37m[HTTP] Health check passed[39m
2026-01-30 17:20:00:200 [37mdebug[39m: [37m[HTTP] Health check passed[39m
2026-01-30 17:20:15:2015 [37mdebug[39m: [37m[HTTP] Health check passed[39m
2026-01-30 17:20:30:2030 [37mdebug[39m: [37m[HTTP] Health check passed[39m
2026-01-30 17:20:45:2045 [37mdebug[39m: [37m[HTTP] Health check passed[39m
2026-01-30 17:21:00:210 [37mdebug[39m: [37m[HTTP] Health check passed[39m
2026-01-30 17:21:15:2115 [37mdebug[39m: [37m[HTTP] Health check passed[39m
2026-01-30 17:21:30:2130 [37mdebug[39m: [37m[HTTP] Health check passed[39m
2026-01-30 17:21:45:2145 [37mdebug[39m: [37m[HTTP] Health check passed[39m
2026-01-30 17:22:00:220 [37mdebug[39m: [37m[HTTP] Health check passed[39m
2026-01-30 17:22:15:2215 [37mdebug[39m: [37m[HTTP] Health check passed[39m
2026-01-30 17:22:31:2231 [37mdebug[39m: [37m[HTTP] Health check passed[39m
2026-01-30 17:22:46:2246 [37mdebug[39m: [37m[HTTP] Health check passed[39m
2026-01-30 17:23:01:231 [37mdebug[39m: [37m[HTTP] Health check passed[39m
2026-01-30 17:23:16:2316 [37mdebug[39m: [37m[HTTP] Health check passed[39m
2026-01-30 17:23:31:2331 [37mdebug[39m: [37m[HTTP] Health check passed[39m
2026-01-30 17:23:46:2346 [37mdebug[39m: [37m[HTTP] Health check passed[39m
2026-01-30 17:24:01:241 [37mdebug[39m: [37m[HTTP] Health check passed[39m
2026-01-30 17:24:16:2416 [37mdebug[39m: [37m[HTTP] Health check passed[39m
2026-01-30 17:24:31:2431 [37mdebug[39m: [37m[HTTP] Health check passed[39m
2026-01-30 17:24:46:2446 [37mdebug[39m: [37m[HTTP] Health check passed[39m
2026-01-30 17:25:01:251 [37mdebug[39m: [37m[HTTP] Health check passed[39m
2026-01-30 17:25:16:2516 [37mdebug[39m: [37m[HTTP] Health check passed[39m
2026-01-30 17:25:31:2531 [37mdebug[39m: [37m[HTTP] Health check passed[39m
2026-01-30 17:25:46:2546 [37mdebug[39m: [37m[HTTP] Health check passed[39m
2026-01-30 17:26:01:261 [37mdebug[39m: [37m[HTTP] Health check passed[39m
2026-01-30 17:26:17:2617 [37mdebug[39m: [37m[HTTP] Health check passed[39m
2026-01-30 17:26:32:2632 [37mdebug[39m: [37m[HTTP] Health check passed[39m
2026-01-30 17:26:47:2647 [37mdebug[39m: [37m[HTTP] Health check passed[39m
2026-01-30 17:27:02:272 [37mdebug[39m: [37m[HTTP] Health check passed[39m
2026-01-30 17:27:17:2717 [37mdebug[39m: [37m[HTTP] Health check passed[39m
2026-01-30 17:27:32:2732 [37mdebug[39m: [37m[HTTP] Health check passed[39m
2026-01-30 17:27:47:2747 [37mdebug[39m: [37m[HTTP] Health check passed[39m
2026-01-30 17:28:02:282 [37mdebug[39m: [37m[HTTP] Health check passed[39m
2026-01-30 17:28:17:2817 [37mdebug[39m: [37m[HTTP] Health check passed[39m
2026-01-30 17:28:32:2832 [37mdebug[39m: [37m[HTTP] Health check passed[39m
2026-01-30 17:28:47:2847 [37mdebug[39m: [37m[HTTP] Health check passed[39m
2026-01-30 17:29:02:292 [37mdebug[39m: [37m[HTTP] Health check passed[39m
2026-01-30 17:29:17:2917 [37mdebug[39m: [37m[HTTP] Health check passed[39m
2026-01-30 17:29:32:2932 [37mdebug[39m: [37m[HTTP] Health check passed[39m
2026-01-30 17:29:47:2947 [37mdebug[39m: [37m[HTTP] Health check passed[39m
2026-01-30 17:30:02:302 [37mdebug[39m: [37m[HTTP] Health check passed[39m
2026-01-30 17:30:18:3018 [37mdebug[39m: [37m[HTTP] Health check passed[39m
2026-01-30 17:30:33:3033 [37mdebug[39m: [37m[HTTP] Health check passed[39m
2026-01-30 17:30:48:3048 [37mdebug[39m: [37m[HTTP] Health check passed[39m
2026-01-30 17:31:03:313 [37mdebug[39m: [37m[HTTP] Health check passed[39m
2026-01-30 17:31:18:3118 [37mdebug[39m: [37m[HTTP] Health check passed[39m
2026-01-30 17:31:33:3133 [37mdebug[39m: [37m[HTTP] Health check passed[39m
2026-01-30 17:31:48:3148 [37mdebug[39m: [37m[HTTP] Health check passed[39m
2026-01-30 17:32:03:323 [37mdebug[39m: [37m[HTTP] Health check passed[39m
2026-01-30 17:32:18:3218 [37mdebug[39m: [37m[HTTP] Health check passed[39m
2026-01-30 17:32:33:3233 [37mdebug[39m: [37m[HTTP] Health check passed[39m
2026-01-30 17:32:48:3248 [37mdebug[39m: [37m[HTTP] Health check passed[39m
2026-01-30 17:33:03:333 [37mdebug[39m: [37m[HTTP] Health check passed[39m
2026-01-30 17:33:18:3318 [37mdebug[39m: [37m[HTTP] Health check passed[39m
2026-01-30 17:33:33:3333 [37mdebug[39m: [37m[HTTP] Health check passed[39m
2026-01-30 17:33:48:3348 [37mdebug[39m: [37m[HTTP] Health check passed[39m
2026-01-30 17:34:03:343 [37mdebug[39m: [37m[HTTP] Health check passed[39m
2026-01-30 17:34:19:3419 [37mdebug[39m: [37m[HTTP] Health check passed[39m
2026-01-30 17:34:34:3434 [37mdebug[39m: [37m[HTTP] Health check passed[39m
2026-01-30 17:34:49:3449 [37mdebug[39m: [37m[HTTP] Health check passed[39m
2026-01-30 17:35:04:354 [37mdebug[39m: [37m[HTTP] Health check passed[39m
2026-01-30 17:35:19:3519 [37mdebug[39m: [37m[HTTP] Health check passed[39m
2026-01-30 17:35:34:3534 [37mdebug[39m: [37m[HTTP] Health check passed[39m
2026-01-30 17:35:49:3549 [37mdebug[39m: [37m[HTTP] Health check passed[39m
2026-01-30 17:36:04:364 [37mdebug[39m: [37m[HTTP] Health check passed[39m
2026-01-30 17:36:19:3619 [37mdebug[39m: [37m[HTTP] Health check passed[39m
2026-01-30 17:36:34:3634 [37mdebug[39m: [37m[HTTP] Health check passed[39m
2026-01-30 17:36:49:3649 [37mdebug[39m: [37m[HTTP] Health check passed[39m
2026-01-30 17:37:04:374 [37mdebug[39m: [37m[HTTP] Health check passed[39m
2026-01-30 17:37:19:3719 [37mdebug[39m: [37m[HTTP] Health check passed[39m
2026-01-30 17:37:34:3734 [37mdebug[39m: [37m[HTTP] Health check passed[39m
2026-01-30 17:37:49:3749 [37mdebug[39m: [37m[HTTP] Health check passed[39m
2026-01-30 17:38:05:385 [37mdebug[39m: [37m[HTTP] Health check passed[39m
2026-01-30 17:38:20:3820 [37mdebug[39m: [37m[HTTP] Health check passed[39m
2026-01-30 17:38:35:3835 [37mdebug[39m: [37m[HTTP] Health check passed[39m
2026-01-30 17:38:50:3850 [37mdebug[39m: [37m[HTTP] Health check passed[39m
2026-01-30 17:39:05:395 [37mdebug[39m: [37m[HTTP] Health check passed[39m
2026-01-30 17:39:20:3920 [37mdebug[39m: [37m[HTTP] Health check passed[39m
2026-01-30 17:39:35:3935 [37mdebug[39m: [37m[HTTP] Health check passed[39m
2026-01-30 17:39:50:3950 [37mdebug[39m: [37m[HTTP] Health check passed[39m
2026-01-30 17:40:05:405 [37mdebug[39m: [37m[HTTP] Health check passed[39m
2026-01-30 17:40:20:4020 [37mdebug[39m: [37m[HTTP] Health check passed[39m
2026-01-30 17:40:35:4035 [37mdebug[39m: [37m[HTTP] Health check passed[39m
2026-01-30 17:40:50:4050 [37mdebug[39m: [37m[HTTP] Health check passed[39m
2026-01-30 17:45:08:458 [37mdebug[39m: [37m[HTTP] Health check passed[39m
2026-01-30 17:45:23:4523 [37mdebug[39m: [37m[HTTP] Health check passed[39m
2026-01-30 17:45:38:4538 [37mdebug[39m: [37m[HTTP] Health check passed[39m
2026-01-30 17:50:51:5051 [37mdebug[39m: [37m[HTTP] Health check passed[39m
2026-01-30 17:51:07:517 [37mdebug[39m: [37m[HTTP] Health check passed[39m
2026-01-30 17:52:03:523 [37mdebug[39m: [37m[HTTP] Health check passed[39m
2026-01-30 17:52:18:5218 [37mdebug[39m: [37m[HTTP] Health check passed[39m
2026-01-30 17:52:33:5233 [37mdebug[39m: [37m[HTTP] Health check passed[39m
2026-01-30 17:53:02:532 [32minfo[39m: [32mServer starting on http://0.0.0.0:4000[39m
2026-01-30 17:53:02:532 [32minfo[39m: [32mRPC endpoint available at /rpc[39m
2026-01-30 17:53:02:532 [32minfo[39m: [32mHealth endpoint available at /health[39m
2026-01-30 17:54:28:5428 [32minfo[39m: [32mServer starting on http://0.0.0.0:4000[39m
2026-01-30 17:54:28:5428 [32minfo[39m: [32mRPC endpoint available at /rpc[39m
2026-01-30 17:54:28:5428 [32minfo[39m: [32mHealth endpoint available at /health[39m
2026-01-30 17:55:49:5549 [37mdebug[39m: [37m[HTTP] Health check passed[39m
2026-01-30 17:56:14:5614 [32minfo[39m: [32mServer starting on http://0.0.0.0:4000[39m
2026-01-30 17:56:14:5614 [32minfo[39m: [32mRPC endpoint available at /rpc[39m
2026-01-30 17:56:14:5614 [32minfo[39m: [32mHealth endpoint available at /health[39m
2026-01-30 17:56:18:5618 [37mdebug[39m: [37m[HTTP] Health check passed[39m
2026-01-30 17:56:28:5628 [37mdebug[39m: [37m[HTTP] Health check passed[39m
2026-01-30 17:56:38:5638 [37mdebug[39m: [37m[HTTP] Health check passed[39m
2026-01-30 17:56:43:5643 [37mdebug[39m: [37m[HTTP] Health check passed[39m
2026-01-30 17:56:48:5648 [37mdebug[39m: [37m[HTTP] Health check passed[39m
2026-01-30 17:56:58:5658 [37mdebug[39m: [37m[HTTP] Health check passed[39m
2026-01-30 17:57:08:578 [37mdebug[39m: [37m[HTTP] Health check passed[39m
2026-01-30 17:57:18:5718 [37mdebug[39m: [37m[HTTP] Health check passed[39m
2026-01-30 17:57:28:5728 [37mdebug[39m: [37m[HTTP] Health check passed[39m
2026-01-30 17:57:38:5738 [37mdebug[39m: [37m[HTTP] Health check passed[39m
2026-01-30 17:57:48:5748 [37mdebug[39m: [37m[HTTP] Health check passed[39m
2026-01-30 17:57:59:5759 [37mdebug[39m: [37m[HTTP] Health check passed[39m
2026-01-30 17:58:09:589 [37mdebug[39m: [37m[HTTP] Health check passed[39m
2026-01-30 17:58:19:5819 [37mdebug[39m: [37m[HTTP] Health check passed[39m
2026-01-30 17:58:29:5829 [37mdebug[39m: [37m[HTTP] Health check passed[39m
2026-01-30 17:58:39:5839 [37mdebug[39m: [37m[HTTP] Health check passed[39m
2026-01-30 17:58:49:5849 [37mdebug[39m: [37m[HTTP] Health check passed[39m
2026-01-30 17:58:59:5859 [37mdebug[39m: [37m[HTTP] Health check passed[39m
2026-01-30 17:59:09:599 [37mdebug[39m: [37m[HTTP] Health check passed[39m
2026-01-30 17:59:19:5919 [37mdebug[39m: [37m[HTTP] Health check passed[39m
2026-01-30 17:59:29:5929 [37mdebug[39m: [37m[HTTP] Health check passed[39m
2026-01-30 17:59:39:5939 [37mdebug[39m: [37m[HTTP] Health check passed[39m
2026-01-30 17:59:49:5949 [37mdebug[39m: [37m[HTTP] Health check passed[39m
2026-01-30 17:59:59:5959 [37mdebug[39m: [37m[HTTP] Health check passed[39m
2026-01-30 18:00:06:06 [37mdebug[39m: [37m[HTTP] Health check passed[39m
2026-01-30 18:00:09:09 [37mdebug[39m: [37m[HTTP] Health check passed[39m
2026-01-30 18:00:19:019 [37mdebug[39m: [37m[HTTP] Health check passed[39m
2026-01-30 18:00:29:029 [37mdebug[39m: [37m[HTTP] Health check passed[39m
